2025-02-22 16:46:00 INFO  Main:35 - saved data reading
2025-02-22 16:46:00 INFO  Main:40 - application start
2025-02-22 16:46:00 INFO  Controller:74 - Main controller initializing
2025-02-22 16:46:09 INFO  NewEditController:89 - new/edit window initializing
2025-02-22 16:46:36 INFO  NewEditController:89 - new/edit window initializing
2025-02-22 16:47:33 INFO  NewEditController:89 - new/edit window initializing
2025-04-03 21:57:07 ERROR Task:88 - interval <= than 0
2025-04-03 21:57:07 ERROR Task:88 - interval <= than 0
2025-04-03 21:58:31 ERROR Task:88 - interval <= than 0
2025-04-03 21:58:31 ERROR Task:88 - interval <= than 0
2025-04-03 21:59:56 ERROR Task:88 - interval <= than 0
2025-04-03 21:59:56 ERROR Task:88 - interval <= than 0
2025-04-04 10:38:32 ERROR Task:88 - interval <= than 0
2025-04-04 10:38:32 ERROR Task:88 - interval <= than 0
2025-04-04 10:48:05 ERROR Task:88 - interval <= than 0
2025-04-04 10:48:05 ERROR Task:88 - interval <= than 0
2025-04-04 10:56:30 INFO  TaskIOService:32 - Task was added!
2025-04-04 10:56:30 INFO  TaskIOService:32 - Task was added!
2025-04-04 10:56:30 INFO  TaskIOService:32 - Task was added!
2025-04-04 10:56:30 ERROR Task:88 - interval <= than 0
2025-04-04 10:56:30 ERROR Task:88 - interval <= than 0
2025-04-04 11:11:57 INFO  TaskIOService:32 - Task was added!
2025-04-04 11:11:57 INFO  TaskIOService:32 - Task was added!
2025-04-04 11:56:42 INFO  TaskIOService:32 - Task was added!
2025-04-04 11:56:42 INFO  TaskIOService:32 - Task was added!
2025-04-04 11:56:42 INFO  TaskIOService:32 - Task was added!
2025-04-04 11:56:42 INFO  TaskIOService:32 - Task was added!
2025-04-04 11:56:42 INFO  TaskIOService:32 - Task was added!
2025-04-04 11:56:42 ERROR Task:86 - interval <= 0
2025-04-04 11:56:42 ERROR Task:86 - interval <= 0
2025-04-04 12:27:42 INFO  TaskIOService:32 - Task was added!
2025-04-04 12:27:42 ERROR Task:86 - interval <= 0
2025-04-04 12:29:45 INFO  TaskIOService:32 - Task was added!
2025-04-04 12:29:45 INFO  TaskIOService:32 - Task was added!
2025-04-04 12:30:22 INFO  TaskIOService:32 - Task was added!
2025-04-04 12:30:22 INFO  TaskIOService:32 - Task was added!
2025-04-04 12:30:29 INFO  TaskIOService:32 - Task was added!
2025-04-04 12:30:29 INFO  TaskIOService:32 - Task was added!
2025-04-04 12:31:29 INFO  TaskIOService:32 - Task was added!
2025-04-04 12:31:29 INFO  TaskIOService:32 - Task was added!
2025-04-04 12:31:29 INFO  TaskIOService:32 - Task was added!
2025-04-04 12:31:29 ERROR Task:86 - interval <= 0
2025-04-04 17:16:05 INFO  TaskIOService:32 - Task was added!
2025-04-04 17:21:33 ERROR Task:86 - interval <= 0
2025-04-04 17:21:49 ERROR Task:86 - interval <= 0
2025-04-04 17:22:28 ERROR Task:86 - interval <= 0
2025-04-04 17:22:39 ERROR Task:86 - interval <= 0
2025-04-04 17:22:49 INFO  TaskIOService:32 - Task was added!
2025-04-04 17:23:18 INFO  TaskIOService:32 - Task was added!
2025-04-04 17:23:25 INFO  TaskIOService:32 - Task was added!
2025-04-04 17:23:37 INFO  TaskIOService:32 - Task was added!
2025-04-04 17:23:42 INFO  TaskIOService:32 - Task was added!
2025-04-04 17:23:42 ERROR Task:86 - interval <= 0
2025-04-04 17:23:42 INFO  TaskIOService:32 - Task was added!
2025-04-04 17:23:42 ERROR Task:86 - interval <= 0
2025-04-04 17:23:42 INFO  TaskIOService:32 - Task was added!
2025-04-04 18:07:24 INFO  TaskIOService:32 - Task was added!
2025-04-04 18:08:29 INFO  TaskIOService:32 - Task was added!
2025-04-04 18:08:29 ERROR Task:86 - interval <= 0
2025-04-04 18:08:29 INFO  TaskIOService:32 - Task was added!
2025-04-04 18:08:29 ERROR Task:86 - interval <= 0
2025-04-04 18:08:29 INFO  TaskIOService:32 - Task was added!
2025-04-04 18:08:33 INFO  TaskIOService:32 - Task was added!
2025-04-04 18:08:38 ERROR Task:86 - interval <= 0
2025-04-04 18:08:48 INFO  TaskIOService:32 - Task was added!
2025-04-04 18:09:03 INFO  TaskIOService:32 - Task was added!
2025-04-04 18:09:10 ERROR Task:86 - interval <= 0
2025-04-04 18:09:48 INFO  TaskIOService:32 - Task was added!
2025-04-04 18:09:58 ERROR Task:86 - interval <= 0
2025-04-04 18:11:17 INFO  TaskIOService:32 - Task was added!
2025-04-04 18:11:17 ERROR Task:86 - interval <= 0
2025-04-04 18:11:17 INFO  TaskIOService:32 - Task was added!
2025-04-04 18:11:17 ERROR Task:86 - interval <= 0
2025-04-04 18:11:17 INFO  TaskIOService:32 - Task was added!
2025-04-10 13:33:53 ERROR Task:86 - interval <= 0
2025-04-10 13:34:01 ERROR Task:86 - interval <= 0
2025-04-10 13:34:06 ERROR Task:86 - interval <= 0
2025-04-10 13:34:14 ERROR Task:86 - interval <= 0
2025-04-10 13:34:20 ERROR Task:86 - interval <= 0
2025-04-10 13:35:07 ERROR Task:86 - interval <= 0
2025-05-08 11:19:59 ERROR ArrayTaskList:88 - not existing index
2025-05-08 11:19:59 ERROR ArrayTaskList:88 - not existing index
2025-05-08 12:18:41 ERROR Task:86 - interval < 0
2025-05-08 12:48:34 INFO  TaskIOService:32 - Task was added!
2025-05-08 12:48:34 INFO  TaskIOService:32 - Task was added!
2025-05-08 12:48:34 INFO  TaskIOService:32 - Task was added!
2025-05-08 12:48:34 ERROR Task:86 - interval < 0
2025-05-08 14:24:57 INFO  TaskIOService:32 - Task was added!
2025-05-08 14:24:57 INFO  TaskIOService:32 - Task was added!
2025-05-08 14:24:57 INFO  TaskIOService:32 - Task was added!
2025-05-08 14:24:57 ERROR Task:86 - interval < 0
2025-05-08 14:39:39 INFO  TaskIOService:32 - Task was added!
